<?xml version="1.0" encoding="UTF-8"?>
<!-- Generated by org.testng.reporters.JUnitReportReporter -->
<testsuite hostname="DESKTOP-8QJ4HLD" failures="0" tests="1" name="test_pkg.test_class" time="9.712" errors="0" timestamp="2023-05-23T21:25:03 IST" skipped="0">
  <testcase classname="test_pkg.test_class" name="execute" time="9.712"/>
  <system-out/>
</testsuite> <!-- test_pkg.test_class -->
