<?xml version="1.0" encoding="UTF-8"?>
<!-- Generated by org.testng.reporters.JUnitReportReporter -->
<testsuite hostname="DESKTOP-8QJ4HLD" failures="0" tests="1" name="test_pkg.test_class3" time="1.562" errors="0" timestamp="2023-05-23T21:25:03 IST" skipped="0">
  <testcase classname="test_pkg.test_class3" name="execute" time="1.562"/>
  <system-out/>
</testsuite> <!-- test_pkg.test_class3 -->
